#
# There is insufficient memory for the Java Runtime Environment to continue.
# Native memory allocation (malloc) failed to allocate 1048576 bytes for AllocateHeap
# Possible reasons:
#   The system is out of physical RAM or swap space
#   The process is running with CompressedOops enabled, and the Java Heap may be blocking the growth of the native heap
# Possible solutions:
#   Reduce memory load on the system
#   Increase physical memory or swap space
#   Check if swap backing store is full
#   Decrease Java heap size (-Xmx/-Xms)
#   Decrease number of Java threads
#   Decrease Java thread stack sizes (-Xss)
#   Set larger code cache with -XX:ReservedCodeCacheSize=
#   JVM is running with Unscaled Compressed Oops mode in which the Java heap is
#     placed in the first 4GB address space. The Java Heap base address is the
#     maximum limit for the native heap growth. Please use -XX:HeapBaseMinAddress
#     to set the Java Heap base and to place the Java Heap above 4GB virtual address.
# This output file may be truncated or incomplete.
#
#  Out of Memory Error (./open/src/hotspot/share/memory/allocation.cpp:46), pid=7732, tid=15716
#
# JRE version:  (11.0.17+10) (build )
# Java VM: Java HotSpot(TM) 64-Bit Server VM (11.0.17+10-LTS-269, mixed mode, sharing, tiered, compressed oops, g1 gc, windows-amd64)
# No core dump will be written. Minidumps are not enabled by default on client versions of Windows
#

---------------  S U M M A R Y ------------

Command Line: -Dsass.compiler.jni.clean.temp.dir=true -Dfile.encoding=UTF-8 -Duser.country=US -Duser.language=en -Duser.variant com.liferay.css.builder.CSSBuilder --append-css-import-timestamps=true --base-dir=E:/liferay/Assignment_05/New folder/FeedbackForm/modules/AAACustomerPortlet/build/tmp/copyCSS --dir-names=/ --excludes=**/_diffs/**,**/.sass-cache*/**,**/.sass_cache_*/**,**/_sass_cache_*/**,**/_styled/**,**/_unstyled/**,**/css/aui/**,**/css/clay/**,**/tmp/** --generate-source-map=false --import-paths=C:\Users\KMN IT\.gradle\caches\modules-2\files-2.1\com.liferay\com.liferay.frontend.css.common\6.0.5\985b425db24fc1c8cf1bfcb76b92f71f898147a3\com.liferay.frontend.css.common-6.0.5.jar --output-dir=.sass-cache/ --precision=9 --rtl-excluded-path-regexps=

Host: Intel(R) Core(TM) i5-7200U CPU @ 2.50GHz, 4 cores, 7G,  Windows 10 , 64 bit Build 19041 (10.0.19041.2546)
Time: Sun Apr 16 22:32:09 2023 Sri Lanka Standard Time elapsed time: 0.019157 seconds (0d 0h 0m 0s)

---------------  T H R E A D  ---------------

Current thread (0x00000231015b8800):  JavaThread "Unknown thread" [_thread_in_vm, id=15716, stack(0x0000008063600000,0x0000008063700000)]

Stack: [0x0000008063600000,0x0000008063700000]
Native frames: (J=compiled Java code, j=interpreted, Vv=VM code, C=native code)
V  [jvm.dll+0x62b5da]
V  [jvm.dll+0x7653df]
V  [jvm.dll+0x766a89]
V  [jvm.dll+0x767113]
V  [jvm.dll+0x23dd28]
V  [jvm.dll+0xb1494]
V  [jvm.dll+0x2cc258]
V  [jvm.dll+0x73f997]
V  [jvm.dll+0x74123f]
V  [jvm.dll+0x347039]
V  [jvm.dll+0x725280]
V  [jvm.dll+0x3b5c1f]
V  [jvm.dll+0x3b7d31]
C  [jli.dll+0x5207]
C  [ucrtbase.dll+0x21bb2]
C  [KERNEL32.DLL+0x17614]
C  [ntdll.dll+0x526a1]


---------------  P R O C E S S  ---------------

Threads class SMR info:
_java_thread_list=0x000002317fad12b0, length=0, elements={
}

Java Threads: ( => current thread )

Other Threads:

=>0x00000231015b8800 (exited) JavaThread "Unknown thread" [_thread_in_vm, id=15716, stack(0x0000008063600000,0x0000008063700000)]

Threads with active compile tasks:

VM state:not at safepoint (not fully initialized)

VM Mutex/Monitor currently owned by a thread: None


[error occurred during error reporting (printing compressed oops mode), id 0xc0000005, EXCEPTION_ACCESS_VIOLATION (0xc0000005) at pc=0x00007ffb428e0887]

GC Heap History (0 events):
No events

Deoptimization events (0 events):
No events

Classes redefined (0 events):
No events

Internal exceptions (0 events):
No events

Events (0 events):
No events


Dynamic libraries:
0x00007ff6a3290000 - 0x00007ff6a329f000 	C:\Program Files\Java\jdk-11.0.17\bin\java.exe
0x00007ffbdc090000 - 0x00007ffbdc288000 	C:\Windows\SYSTEM32\ntdll.dll
0x00007ffbdafd0000 - 0x00007ffbdb08f000 	C:\Windows\System32\KERNEL32.DLL
0x00007ffbd9c20000 - 0x00007ffbd9ef2000 	C:\Windows\System32\KERNELBASE.dll
0x00007ffbd98f0000 - 0x00007ffbd99f0000 	C:\Windows\System32\ucrtbase.dll
0x00007ffb42d60000 - 0x00007ffb42d75000 	C:\Program Files\Java\jdk-11.0.17\bin\VCRUNTIME140.dll
0x00007ffb51830000 - 0x00007ffb51848000 	C:\Program Files\Java\jdk-11.0.17\bin\jli.dll
0x00007ffbdb0d0000 - 0x00007ffbdb17e000 	C:\Windows\System32\ADVAPI32.dll
0x00007ffbda860000 - 0x00007ffbda8fe000 	C:\Windows\System32\msvcrt.dll
0x00007ffbdb350000 - 0x00007ffbdb3ec000 	C:\Windows\System32\sechost.dll
0x00007ffbdb1b0000 - 0x00007ffbdb2d4000 	C:\Windows\System32\RPCRT4.dll
0x00007ffbda600000 - 0x00007ffbda7a1000 	C:\Windows\System32\USER32.dll
0x00007ffbda020000 - 0x00007ffbda042000 	C:\Windows\System32\win32u.dll
0x00007ffbdb720000 - 0x00007ffbdb74b000 	C:\Windows\System32\GDI32.dll
0x00007ffbd9a60000 - 0x00007ffbd9b6f000 	C:\Windows\System32\gdi32full.dll
0x00007ffbd9f00000 - 0x00007ffbd9f9d000 	C:\Windows\System32\msvcp_win.dll
0x00007ffbc6680000 - 0x00007ffbc691a000 	C:\Windows\WinSxS\amd64_microsoft.windows.common-controls_6595b64144ccf1df_6.0.19041.1110_none_60b5254171f9507e\COMCTL32.dll
0x00007ffbcf260000 - 0x00007ffbcf26a000 	C:\Windows\SYSTEM32\VERSION.dll
0x00007ffbdb090000 - 0x00007ffbdb0c0000 	C:\Windows\System32\IMM32.DLL
0x00007ffb42cc0000 - 0x00007ffb42d5b000 	C:\Program Files\Java\jdk-11.0.17\bin\msvcp140.dll
0x00007ffb421a0000 - 0x00007ffb42cba000 	C:\Program Files\Java\jdk-11.0.17\bin\server\jvm.dll
0x00007ffbdb0c0000 - 0x00007ffbdb0c8000 	C:\Windows\System32\PSAPI.DLL
0x00007ffbc5b80000 - 0x00007ffbc5b89000 	C:\Windows\SYSTEM32\WSOCK32.dll
0x00007ffbdb2e0000 - 0x00007ffbdb34b000 	C:\Windows\System32\WS2_32.dll
0x00007ffbc5b90000 - 0x00007ffbc5bb7000 	C:\Windows\SYSTEM32\WINMM.dll
0x00007ffbd7fd0000 - 0x00007ffbd7fe2000 	C:\Windows\SYSTEM32\kernel.appcore.dll
0x00007ffb42190000 - 0x00007ffb421a0000 	C:\Program Files\Java\jdk-11.0.17\bin\verify.dll
0x00007ffbd6dd0000 - 0x00007ffbd6fb4000 	C:\Windows\SYSTEM32\DBGHELP.DLL
0x00007ffbc3370000 - 0x00007ffbc33a5000 	C:\Windows\SYSTEM32\dbgcore.DLL
0x00007ffbda050000 - 0x00007ffbda0d2000 	C:\Windows\System32\bcryptPrimitives.dll
0x00007ffb42160000 - 0x00007ffb42188000 	C:\Program Files\Java\jdk-11.0.17\bin\java.dll
0x00007ffb42150000 - 0x00007ffb4215a000 	C:\Program Files\Java\jdk-11.0.17\bin\jimage.dll
0x00007ffb42130000 - 0x00007ffb42146000 	C:\Program Files\Java\jdk-11.0.17\bin\zip.dll

dbghelp: loaded successfully - version: 4.0.5 - missing functions: none
symbol engine: initialized successfully - sym options: 0x614 - pdb path: .;C:\Program Files\Java\jdk-11.0.17\bin;C:\Windows\SYSTEM32;C:\Windows\WinSxS\amd64_microsoft.windows.common-controls_6595b64144ccf1df_6.0.19041.1110_none_60b5254171f9507e;C:\Program Files\Java\jdk-11.0.17\bin\server

VM Arguments:
jvm_args: -Dsass.compiler.jni.clean.temp.dir=true -Dfile.encoding=UTF-8 -Duser.country=US -Duser.language=en -Duser.variant 
java_command: com.liferay.css.builder.CSSBuilder --append-css-import-timestamps=true --base-dir=E:/liferay/Assignment_05/New folder/FeedbackForm/modules/AAACustomerPortlet/build/tmp/copyCSS --dir-names=/ --excludes=**/_diffs/**,**/.sass-cache*/**,**/.sass_cache_*/**,**/_sass_cache_*/**,**/_styled/**,**/_unstyled/**,**/css/aui/**,**/css/clay/**,**/tmp/** --generate-source-map=false --import-paths=C:\Users\KMN IT\.gradle\caches\modules-2\files-2.1\com.liferay\com.liferay.frontend.css.common\6.0.5\985b425db24fc1c8cf1bfcb76b92f71f898147a3\com.liferay.frontend.css.common-6.0.5.jar --output-dir=.sass-cache/ --precision=9 --rtl-excluded-path-regexps=
java_class_path (initial): C:\Users\KMN IT\.gradle\caches\modules-2\files-2.1\com.liferay\com.liferay.css.builder\3.1.0\6981351fcb284e41c5635c471baac2430abc5f1e\com.liferay.css.builder-3.1.0.jar;C:\Users\KMN IT\.gradle\caches\modules-2\files-2.1\org.codehaus.plexus\plexus-utils\3.0.15\519b3f1fc84d3387c61a8c8e6235daf89aea4168\plexus-utils-3.0.15.jar;C:\Users\KMN IT\.gradle\caches\modules-2\files-2.1\org.sonatype.plexus\plexus-build-api\0.0.7\e6ba5cd4bfd8de00235af936e7f63eb24ed436e6\plexus-build-api-0.0.7.jar
Launcher Type: SUN_STANDARD

[Global flags]
     intx CICompilerCount                          = 3                                         {product} {ergonomic}
     uint G1ConcRefinementThreads                  = 4                                         {product} {ergonomic}
   size_t G1HeapRegionSize                         = 1048576                                   {product} {ergonomic}
    uintx GCDrainStackTargetSize                   = 64                                        {product} {ergonomic}
   size_t InitialHeapSize                          = 132120576                                 {product} {ergonomic}
   size_t MaxHeapSize                              = 2113929216                                {product} {ergonomic}
   size_t MinHeapDeltaBytes                        = 1048576                                   {product} {ergonomic}
    uintx NonNMethodCodeHeapSize                   = 5830732                                {pd product} {ergonomic}
    uintx NonProfiledCodeHeapSize                  = 122913754                              {pd product} {ergonomic}
    uintx ProfiledCodeHeapSize                     = 122913754                              {pd product} {ergonomic}
    uintx ReservedCodeCacheSize                    = 251658240                              {pd product} {ergonomic}
     bool SegmentedCodeCache                       = true                                      {product} {ergonomic}
     bool UseCompressedClassPointers               = true                                 {lp64_product} {ergonomic}
     bool UseCompressedOops                        = true                                 {lp64_product} {ergonomic}
     bool UseG1GC                                  = true                                      {product} {ergonomic}
     bool UseLargePagesIndividualAllocation        = false                                  {pd product} {ergonomic}

Logging:
Log output configuration:
 #0: stdout all=warning uptime,level,tags
 #1: stderr all=off uptime,level,tags

Environment Variables:
PATH=C:\Program Files\Common Files\Oracle\Java\javapath;C:\Program Files (x86)\Common Files\Intel\Shared Files\cpp\bin\Intel64;C:\Windows\system32;C:\Windows;C:\Windows\System32\Wbem;C:\Windows\System32\WindowsPowerShell\v1.0\;C:\Windows\System32\OpenSSH\;C:\Program Files\dotnet\;C:\Program Files\nodejs\;%Maven_Home%\bin;C:\Program Files\Java\jdk-11.0.17\bin;C:\Users\KMN IT\.jpm\windows\bin;C:\Program Files\Java\jdk-18.0.2.1\bin;C:\Program Files\MySQL\MySQL Shell 8.0\bin\;C:\Users\KMN IT\AppData\Local\Microsoft\WindowsApps;;C:\Users\KMN IT\AppData\Local\Programs\Microsoft VS Code\bin;C:\Program Files\JetBrains\IntelliJ IDEA Community Edition 2022.2.3\bin;;C:\Users\KMN IT\AppData\Roaming\npm
USERNAME=KMN IT
OS=Windows_NT
PROCESSOR_IDENTIFIER=Intel64 Family 6 Model 142 Stepping 9, GenuineIntel



---------------  S Y S T E M  ---------------

OS: Windows 10 , 64 bit Build 19041 (10.0.19041.2546)

CPU:total 4 (initial active 4) (2 cores per cpu, 2 threads per core) family 6 model 142 stepping 9 microcode 0xb4, cmov, cx8, fxsr, mmx, sse, sse2, sse3, ssse3, sse4.1, sse4.2, popcnt, avx, avx2, aes, clmul, erms, 3dnowpref, lzcnt, ht, tsc, tscinvbit, bmi1, bmi2, adx, fma

Memory: 4k page, system-wide physical 8058M (296M free)
TotalPageFile size 22288M (AvailPageFile size 5M)
current process WorkingSet (physical memory assigned to process): 9M, peak: 9M
current process commit charge ("private bytes"): 13M, peak: 14M

vm_info: Java HotSpot(TM) 64-Bit Server VM (11.0.17+10-LTS-269) for windows-amd64 JRE (11.0.17+10-LTS-269), built on Sep 13 2022 19:26:37 by "mach5one" with MS VC++ 15.9 (VS2017)

END.
